<?xml version="1.0" encoding="UTF-8"?>
<testsuite xmlns:xsi="http://www.w3.org/2001/XMLSchema-instance" xsi:noNamespaceSchemaLocation="https://maven.apache.org/surefire/maven-surefire-plugin/xsd/surefire-test-report-3.0.xsd" version="3.0" name="com.epns.lambda.LambdaRaceConditionTest" time="7.68" tests="10" errors="0" skipped="0" failures="0">
  <properties>
[...]
</properties>
  <testcase name="testReplaceAll_SynchronizedList" classname="com.epns.lambda.LambdaRaceConditionTest" time="1.735">
    <system-out><![CDATA[
=== testReplaceAll_SynchronizedList ===
| Hits      | Exceptions | Corruptions | Collision Rate |
|-----------|------------|-------------|----------------|
| 100       | 0          | 0           |  0.00%         |
| 1,000     | 0          | 0           |  0.00%         |
| 10,000    | 0          | 0           |  0.00%         |
| 100,000   | 0          | 0           |  0.00%         |
| 1,000,000 | 0          | 0           |  0.00%         |

]]></system-out>
  </testcase>
  <testcase name="testReplaceAll_Unsafe" classname="com.epns.lambda.LambdaRaceConditionTest" time="0.996">
    <system-out><![CDATA[
=== testReplaceAll_Unsafe ===
| Hits      | Exceptions | Corruptions | Collision Rate |
|-----------|------------|-------------|----------------|
| 100       | 6          | 94          | 100.00%         |
| 1,000     | 52         | 948         | 100.00%         |
| 10,000    | 8,833      | 1,167       | 100.00%         |
| 100,000   | 95,173     | 4,827       | 100.00%         |
| 1,000,000 | 962,885    | 37,115      | 100.00%         |

]]></system-out>
  </testcase>
  <testcase name="testStream_DefensiveCopy" classname="com.epns.lambda.LambdaRaceConditionTest" time="0.666">
    <system-out><![CDATA[
=== testStream_DefensiveCopy ===
| Hits      | Exceptions | Corruptions | Collision Rate |
|-----------|------------|-------------|----------------|
| 100       | 0          | 0           |  0.00%         |
| 1,000     | 0          | 0           |  0.00%         |
| 10,000    | 0          | 0           |  0.00%         |
| 100,000   | 0          | 0           |  0.00%         |
| 1,000,000 | 0          | 0           |  0.00%         |

]]></system-out>
  </testcase>
  <testcase name="testReplaceAll_Synchronized_Block" classname="com.epns.lambda.LambdaRaceConditionTest" time="1.335">
    <system-out><![CDATA[
=== testReplaceAll_Synchronized_Block ===
| Hits      | Exceptions | Corruptions | Collision Rate |
|-----------|------------|-------------|----------------|
| 100       | 0          | 0           |  0.00%         |
| 1,000     | 0          | 0           |  0.00%         |
| 10,000    | 0          | 0           |  0.00%         |
| 100,000   | 0          | 0           |  0.00%         |
| 1,000,000 | 0          | 0           |  0.00%         |

]]></system-out>
  </testcase>
  <testcase name="testRemoveIf_Unsafe" classname="com.epns.lambda.LambdaRaceConditionTest" time="0.296">
    <system-out><![CDATA[
=== testRemoveIf_Unsafe ===
| Hits      | Exceptions | Corruptions | Collision Rate |
|-----------|------------|-------------|----------------|
| 100       | 0          | 0           |  0.00%         |
| 1,000     | 5          | 0           |  0.50%         |
| 10,000    | 9,828      | 2           | 98.30%         |
| 100,000   | 99,928     | 1           | 99.93%         |
| 1,000,000 | 999,652    | 4           | 99.97%         |

]]></system-out>
  </testcase>
  <testcase name="testForEachAdd_Unsafe" classname="com.epns.lambda.LambdaRaceConditionTest" time="0.387">
    <system-out><![CDATA[
=== testForEachAdd_Unsafe ===
| Hits      | Exceptions | Corruptions | Collision Rate |
|-----------|------------|-------------|----------------|
| 100       | 2          | 0           |  2.00%         |
| 1,000     | 2          | 0           |  0.20%         |
| 10,000    | 28         | 0           |  0.28%         |
| 100,000   | 3,702      | 0           |  3.70%         |
| 1,000,000 | 395,188    | 0           | 39.52%         |

]]></system-out>
  </testcase>
  <testcase name="testSort_Unsafe" classname="com.epns.lambda.LambdaRaceConditionTest" time="0.484">
    <system-out><![CDATA[
=== testSort_Unsafe ===
| Hits      | Exceptions | Corruptions | Collision Rate |
|-----------|------------|-------------|----------------|
| 100       | 2          | 9           | 11.00%         |
| 1,000     | 33         | 53          |  8.60%         |
| 10,000    | 1,762      | 264         | 20.26%         |
| 100,000   | 39,301     | 363         | 39.66%         |
| 1,000,000 | 536,295    | 335         | 53.66%         |

]]></system-out>
  </testcase>
  <testcase name="testStreamCollect_SharedSource_Unsafe" classname="com.epns.lambda.LambdaRaceConditionTest" time="0.431">
    <system-out><![CDATA[
=== testStreamCollect_SharedSource_Unsafe ===
| Hits      | Exceptions | Corruptions | Collision Rate |
|-----------|------------|-------------|----------------|
| 100       | 1          | 1           |  2.00%         |
| 1,000     | 8          | 0           |  0.80%         |
| 10,000    | 114        | 2           |  1.16%         |
| 100,000   | 2,462      | 3           |  2.47%         |
| 1,000,000 | 28,462     | 52          |  2.85%         |

]]></system-out>
  </testcase>
  <testcase name="testReplaceAll_CopyOnWriteArrayList" classname="com.epns.lambda.LambdaRaceConditionTest" time="0.294">
    <system-out><![CDATA[
=== testReplaceAll_CopyOnWriteArrayList ===
| Hits      | Exceptions | Corruptions | Collision Rate |
|-----------|------------|-------------|----------------|
| 100       | 0          | 0           |  0.00%         |
| 1,000     | 0          | 0           |  0.00%         |
| 10,000    | 0          | 0           |  0.00%         |
| 100,000   | 0          | 0           |  0.00%         |
| 1,000,000 | 0          | 0           |  0.00%         |

]]></system-out>
  </testcase>
  <testcase name="testFinal_StillUnsafe" classname="com.epns.lambda.LambdaRaceConditionTest" time="1.005">
    <system-out><![CDATA[
=== testFinal_StillUnsafe ===
| Hits      | Exceptions | Corruptions | Collision Rate |
|-----------|------------|-------------|----------------|
| 100       | 3          | 97          | 100.00%         |
| 1,000     | 3          | 997         | 100.00%         |
| 10,000    | 6,946      | 3,054       | 100.00%         |
| 100,000   | 87,936     | 12,064      | 100.00%         |
| 1,000,000 | 933,167    | 66,833      | 100.00%         |

]]></system-out>
  </testcase>
</testsuite>