<?xml version="1.0" encoding="UTF-8"?>
<testsuite xmlns:xsi="http://www.w3.org/2001/XMLSchema-instance" xsi:noNamespaceSchemaLocation="https://maven.apache.org/surefire/maven-surefire-plugin/xsd/surefire-test-report-3.0.xsd" version="3.0" name="com.epns.lambda.LambdaRaceConditionTest" time="67.135" tests="10" errors="0" skipped="0" failures="0">
  <properties>
[...]
</properties>
  <testcase name="testReplaceAll_SynchronizedList" classname="com.epns.lambda.LambdaRaceConditionTest" time="1.534">
    <system-out><![CDATA[
=== testReplaceAll_SynchronizedList ===
Threads: 50 | Iterations: 20000 | Total hits: 1,000,000
Exceptions caught: 0
Data corruptions: 0
Collision rate: 0.00%
Status: SAFE ✅
]]></system-out>
  </testcase>
  <testcase name="testReplaceAll_Unsafe" classname="com.epns.lambda.LambdaRaceConditionTest" time="1.147">
    <system-out><![CDATA[
=== testReplaceAll_Unsafe ===
Threads: 50 | Iterations: 20000 | Total hits: 1,000,000
Exceptions caught: 965,543
Data corruptions: 34,457
Collision rate: 100.00%
Status: UNSAFE ❌
]]></system-out>
  </testcase>
  <testcase name="testStream_DefensiveCopy" classname="com.epns.lambda.LambdaRaceConditionTest" time="0.588">
    <system-out><![CDATA[
=== testStream_DefensiveCopy ===
Threads: 50 | Iterations: 20000 | Total hits: 1,000,000
Exceptions caught: 0
Data corruptions: 0
Collision rate: 0.00%
Status: SAFE ✅
]]></system-out>
  </testcase>
  <testcase name="testReplaceAll_Synchronized_Block" classname="com.epns.lambda.LambdaRaceConditionTest" time="1.011">
    <system-out><![CDATA[
=== testReplaceAll_Synchronized_Block ===
Threads: 50 | Iterations: 20000 | Total hits: 1,000,000
Exceptions caught: 0
Data corruptions: 0
Collision rate: 0.00%
Status: SAFE ✅
]]></system-out>
  </testcase>
  <testcase name="testRemoveIf_Unsafe" classname="com.epns.lambda.LambdaRaceConditionTest" time="0.18">
    <system-out><![CDATA[
=== testRemoveIf_Unsafe ===
Threads: 50 | Iterations: 20000 | Total hits: 1,000,000
Exceptions caught: 999,916
Data corruptions: 2
Collision rate: 99.99%
Status: UNSAFE ❌
]]></system-out>
  </testcase>
  <testcase name="testForEachAdd_Unsafe" classname="com.epns.lambda.LambdaRaceConditionTest" time="60.177">
    <system-out><![CDATA[
=== testForEachAdd_Unsafe ===
Threads: 50 | Iterations: 20000 | Total hits: 1,000,000
Exceptions caught: 31,690
Data corruptions: 0
Collision rate: 3.17%
Status: UNSAFE ❌
]]></system-out>
  </testcase>
  <testcase name="testSort_Unsafe" classname="com.epns.lambda.LambdaRaceConditionTest" time="0.632">
    <system-out><![CDATA[
=== testSort_Unsafe ===
Threads: 50 | Iterations: 20000 | Total hits: 1,000,000
Exceptions caught: 245,158
Data corruptions: 622
Collision rate: 24.58%
Status: UNSAFE ❌
]]></system-out>
  </testcase>
  <testcase name="testStreamCollect_SharedSource_Unsafe" classname="com.epns.lambda.LambdaRaceConditionTest" time="0.319">
    <system-out><![CDATA[
=== testStreamCollect_SharedSource_Unsafe ===
Threads: 50 | Iterations: 20000 | Total hits: 1,000,000
Exceptions caught: 495,388
Data corruptions: 494,474
Collision rate: 98.99%
Status: UNSAFE ❌
]]></system-out>
  </testcase>
  <testcase name="testReplaceAll_CopyOnWriteArrayList" classname="com.epns.lambda.LambdaRaceConditionTest" time="0.341">
    <system-out><![CDATA[
=== testReplaceAll_CopyOnWriteArrayList ===
Threads: 50 | Iterations: 20000 | Total hits: 1,000,000
Exceptions caught: 0
Data corruptions: 0
Collision rate: 0.00%
Status: SAFE ✅
]]></system-out>
  </testcase>
  <testcase name="testFinal_StillUnsafe" classname="com.epns.lambda.LambdaRaceConditionTest" time="1.152">
    <system-out><![CDATA[
=== testFinal_StillUnsafe ===
Threads: 50 | Iterations: 20000 | Total hits: 1,000,000
Exceptions caught: 916,956
Data corruptions: 83,044
Collision rate: 100.00%
Status: UNSAFE ❌
]]></system-out>
  </testcase>
</testsuite>